Arguments: 
  C:\Program Files\nodejs\node.exe C:\Program Files (x86)\Yarn\bin\yarn.js install

PATH: 
  C:\Python27\;C:\Python27\Scripts;C:\ProgramData\Oracle\Java\javapath;C:\Windows\system32;C:\Windows;C:\Windows\System32\Wbem;C:\Windows\System32\WindowsPowerShell\v1.0\;C:\Windows\System32\OpenSSH\;C:\Program Files\Git\cmd;C:\ProgramData\ComposerSetup\bin;C:\Program Files (x86)\Yarn\bin\;C:\Program Files\PuTTY\;C:\Program Files\Docker\Docker\resources\bin;C:\ProgramData\DockerDesktop\version-bin;C:\ProgramData\chocolatey\bin;C:\Program Files\dotnet\;C:\Program Files (x86)\Windows Kits\10\bin\x64;F:\vs_enterprise;E:\Program\dev-pg\JDK\apache-ant-1.9.16-bin\apache-ant-1.9.16\bin;C:\Program Files\Java\jdk1.8.0_92\bin;D:\working\yoga\buck-main\buck-main\bin;C:\Users\Darkhorse\AppData\Local\Programs\Python\Python38\Scripts;C:\Users\Darkhorse\AppData\Local\Programs\Python\Python38;C:\Program Files\Microsoft SQL Server\130\Tools\Binn\;C:\Program Files\Microsoft SQL Server\Client SDK\ODBC\170\Tools\Binn\;C:\Program Files\nodejs\;C:\Users\Darkhorse\AppData\Local\Microsoft\WindowsApps;C:\Users\Darkhorse\AppData\Local\GitHubDesktop\bin;C:\Users\Darkhorse\AppData\Roaming\Composer\vendor\bin;C:\Users\Darkhorse\AppData\Local\Yarn\bin;C:\Program Files\MongoDB\Server\4.4\bin;D:\xampp\xampp7\php\test;D:\xampp\xampp7\php;C:\Program Files\OpenSSL-Win64\bin;C:\Program Files\heroku\bin;C:\Users\Darkhorse\AppData\Local\Programs\Fiddler;C:\Users\Darkhorse\.dotnet\tools;C:\Program Files (x86)\Windows Kits\10\bin\x64;F:\vs_enterprise;E:\Program\dev-pg\JDK\apache-ant-1.9.16-bin\apache-ant-1.9.16\bin;C:\Program Files\Java\jdk1.8.0_92\bin;D:\working\yoga\buck-main\buck-main\bin;C:\Users\Darkhorse\AppData\Local\Programs\Python\Python38;C:\Users\Darkhorse\AppData\Local\Programs\Python\Python38\Scripts;C:\Users\Darkhorse\AppData\Local\Programs\Microsoft VS Code\bin;C:\Program Files\PostgreSQL\13\bin;C:\Program Files\OpenSSL-Win64\bin;C:\Users\Darkhorse\AppData\Roaming\npm

Yarn version: 
  1.19.2

Node version: 
  14.15.4

Platform: 
  win32 x64

Trace: 
  Error: read ECONNRESET
      at TLSWrap.onStreamRead (internal/stream_base_commons.js:209:20)

npm manifest: 
  {
    "name": "ant-design-admin",
    "version": "1.0.0",
    "description": "Based on the most mature technology system of the React ecosystem, an out-of-the-box back-end management system is built. The framework contains some unique custom components, as well as many third-party components that have been well-received and well-known.",
    "homepage": "/",
    "license": "MIT",
    "scripts": {
      "start": "react-app-rewired start",
      "build": "react-app-rewired build",
      "generate": "plop --plopfile ./generators/index.js"
    },
    "overrides": {
      "react-error-overlay": "6.0.9"
    },
    "resolutions": {
      "//": "See https://github.com/facebook/create-react-app/issues/11773",
      "react-error-overlay": "6.0.9"
    },
    "dependencies": {
      "@ant-design/icons": "^4.3.0",
      "@antv/data-set": "^0.10.2",
      "animate.css": "^3.7.2",
      "antd": "^4.6.6",
      "bluebird": "^3.7.2",
      "classnames": "^2.2.6",
      "cmn-utils": "^1.0.9",
      "css-animation": "^2.0.4",
      "css-element-queries": "^1.2.1",
      "dva": "^2.4.1",
      "dva-loading": "^3.0.14",
      "enquire.js": "^2.1.6",
      "eslint": "6.6.0",
      "eslint-config-airbnb": "^18.2.0",
      "eslint-config-airbnb-base": "^14.2.0",
      "eslint-config-prettier": "^6.12.0",
      "eslint-plugin-import": "^2.22.1",
      "eslint-plugin-jsx-a11y": "^6.3.1",
      "eslint-plugin-prettier": "^3.1.4",
      "eslint-plugin-react": "^7.21.2",
      "eslint-plugin-redux-saga": "^1.2.1",
      "lazysizes": "^5.1.1",
      "lodash": "^4.17.20",
      "object-assign": "^4.1.1",
      "object.omit": "^3.0.0",
      "path-to-regexp": "^3.1.0",
      "react": "^17.0.1",
      "react-dnd-html5-backend": "^9.4.0",
      "react-document-title": "^2.0.3",
      "react-dom": "^17.0.1",
      "react-fast-compare": "^2.0.4",
      "react-intl-universal": "^2.1.4",
      "reqwest": "^2.0.5"
    },
    "devDependencies": {
      "@babel/cli": "^7.6.2",
      "@babel/core": "^7.6.2",
      "@babel/plugin-proposal-class-properties": "^7.5.5",
      "@babel/plugin-proposal-decorators": "^7.6.0",
      "@babel/plugin-syntax-dynamic-import": "^7.2.0",
      "@babel/plugin-transform-modules-commonjs": "^7.6.0",
      "@babel/plugin-transform-react-constant-elements": "^7.6.0",
      "@babel/plugin-transform-react-inline-elements": "^7.2.0",
      "@babel/preset-env": "^7.6.2",
      "@babel/preset-react": "^7.0.0",
      "@babel/register": "^7.6.2",
      "babel-core": "^6.26.3",
      "babel-eslint": "^10.1.0",
      "babel-plugin-dynamic-import-node": "^2.3.0",
      "babel-plugin-import": "^1.12.2",
      "babel-plugin-lodash": "^3.3.4",
      "babel-plugin-react-intl": "^4.1.19",
      "babel-plugin-styled-components": "^1.10.6",
      "babel-plugin-transform-decorators-legacy": "^1.3.5",
      "babel-plugin-transform-react-remove-prop-types": "^0.4.24",
      "customize-cra": "^0.7.0",
      "eslint-plugin-react-hooks": "^4.3.0",
      "fetch-mock": "^7.3.9",
      "gh-pages": "^2.1.1",
      "http-proxy-middleware": "^0.20.0",
      "less": "^3.10.3",
      "less-loader": "^5.0.0",
      "mockjs": "^1.0.1-beta3",
      "moment": "^2.29.1",
      "plop": "^2.4.0",
      "prettier": "^1.18.2",
      "prop-types": "^15.7.2",
      "react-app-rewired": "^2.1.3",
      "react-error-overlay": "6.0.9",
      "react-scripts": "^3.1.2",
      "react-slick": "^0.28.0",
      "slick-carousel": "^1.8.1",
      "stylelint": "^11.0.0",
      "stylelint-config-sass-guidelines": "^6.1.0",
      "stylelint-scss": "^3.11.1",
      "webpack-bundle-analyzer": "^3.5.2"
    },
    "browserslist": [
      "> 1%",
      "last 2 versions",
      "not ie <= 10"
    ]
  }

yarn manifest: 
  No manifest

Lockfile: 
  No lockfile
